[2021-06-10T17:09:13.069] [DEBUG] cheese - login => username:sz,password:123456
[2021-06-10T17:09:13.070] [DEBUG] cheese - sz
[2021-06-10T17:09:13.355] [DEBUG] cheese - null
[2021-06-10T17:09:13.356] [DEBUG] cheese - null
[2021-06-10T17:09:44.556] [DEBUG] cheese - login => username:admin,password:123456
[2021-06-10T17:09:44.556] [DEBUG] cheese - admin
[2021-06-10T17:09:44.561] [DEBUG] cheese - null
[2021-06-10T17:09:44.561] [DEBUG] cheese - null
[2021-06-11T09:36:43.452] [DEBUG] cheese - login => username:a,password:123
[2021-06-11T09:36:43.454] [DEBUG] cheese - a
[2021-06-11T09:36:43.861] [DEBUG] cheese - null
[2021-06-11T09:36:43.861] [DEBUG] cheese - null
[2021-06-11T09:37:04.230] [DEBUG] cheese - login => username:a,password:123
[2021-06-11T09:37:04.230] [DEBUG] cheese - a
[2021-06-11T09:37:04.232] [DEBUG] cheese - null
[2021-06-11T09:37:04.232] [DEBUG] cheese - null
[2021-06-11T09:37:47.570] [DEBUG] cheese - login => username:a,password:123
[2021-06-11T09:37:47.570] [DEBUG] cheese - a
[2021-06-11T09:37:47.572] [DEBUG] cheese - null
[2021-06-11T09:37:47.572] [DEBUG] cheese - null
[2021-06-11T09:38:20.483] [DEBUG] cheese - login => username:a33,password:123
[2021-06-11T09:38:20.483] [DEBUG] cheese - a33
[2021-06-11T09:38:20.484] [DEBUG] cheese - null
[2021-06-11T09:38:20.485] [DEBUG] cheese - null
[2021-06-11T09:38:40.387] [DEBUG] cheese - login => username:a333,password:123ddd
[2021-06-11T09:38:40.387] [DEBUG] cheese - a333
[2021-06-11T09:38:40.388] [DEBUG] cheese - null
[2021-06-11T09:38:40.389] [DEBUG] cheese - null
[2021-06-11T09:38:51.128] [DEBUG] cheese - login => username:admin,password:123456
[2021-06-11T09:38:51.128] [DEBUG] cheese - admin
[2021-06-11T09:38:51.133] [DEBUG] cheese - null
[2021-06-11T09:38:51.133] [DEBUG] cheese - null
[2021-06-11T09:41:55.642] [DEBUG] cheese - login => username:addd,password:123dddddd
[2021-06-11T09:41:55.642] [DEBUG] cheese - addd
[2021-06-11T09:41:55.645] [DEBUG] cheese - null
[2021-06-11T09:41:55.645] [DEBUG] cheese - null
[2021-06-11T09:42:02.482] [DEBUG] cheese - login => username:admin,password:123456
[2021-06-11T09:42:02.482] [DEBUG] cheese - admin
[2021-06-11T09:42:02.485] [DEBUG] cheese - null
[2021-06-11T09:42:02.485] [DEBUG] cheese - null
[2021-06-11T09:59:29.061] [DEBUG] cheese - login => username:a大大大,password:123456
[2021-06-11T09:59:29.062] [DEBUG] cheese - a大大大
[2021-06-11T09:59:29.064] [DEBUG] cheese - null
[2021-06-11T09:59:29.064] [DEBUG] cheese - null
[2021-06-11T09:59:34.055] [DEBUG] cheese - login => username:admin,password:123456
[2021-06-11T09:59:34.055] [DEBUG] cheese - admin
[2021-06-11T09:59:34.058] [DEBUG] cheese - null
[2021-06-11T09:59:34.058] [DEBUG] cheese - null
[2021-06-11T10:03:16.259] [DEBUG] cheese - login => username:addd,password:123456
[2021-06-11T10:03:16.259] [DEBUG] cheese - addd
[2021-06-11T10:03:16.260] [DEBUG] cheese - null
[2021-06-11T10:03:16.260] [DEBUG] cheese - null
[2021-06-11T10:03:40.860] [DEBUG] cheese - login => username:admin,password:123456
[2021-06-11T10:03:40.860] [DEBUG] cheese - admin
[2021-06-11T10:03:40.862] [DEBUG] cheese - null
[2021-06-11T10:03:40.862] [DEBUG] cheese - null
[2021-06-11T10:05:22.463] [DEBUG] cheese - login => username:admin,password:123456
[2021-06-11T10:05:22.463] [DEBUG] cheese - admin
[2021-06-11T10:05:22.465] [DEBUG] cheese - null
[2021-06-11T10:05:22.465] [DEBUG] cheese - null
[2021-06-11T10:05:25.798] [DEBUG] cheese - login => username:admi,password:123456
[2021-06-11T10:05:25.798] [DEBUG] cheese - admi
[2021-06-11T10:05:25.800] [DEBUG] cheese - null
[2021-06-11T10:05:25.800] [DEBUG] cheese - null
[2021-06-11T10:05:36.801] [DEBUG] cheese - login => username:admin,password:123456
[2021-06-11T10:05:36.801] [DEBUG] cheese - admin
[2021-06-11T10:05:36.802] [DEBUG] cheese - null
[2021-06-11T10:05:36.802] [DEBUG] cheese - null
[2021-06-11T10:06:35.183] [DEBUG] cheese - login => username:admin,password:123456
[2021-06-11T10:06:35.183] [DEBUG] cheese - admin
[2021-06-11T10:06:35.185] [DEBUG] cheese - null
[2021-06-11T10:06:35.185] [DEBUG] cheese - null
[2021-06-11T10:06:44.246] [DEBUG] cheese - login => username:admin,password:123456
[2021-06-11T10:06:44.246] [DEBUG] cheese - admin
[2021-06-11T10:06:44.249] [DEBUG] cheese - null
[2021-06-11T10:06:44.249] [DEBUG] cheese - null
[2021-06-11T10:28:55.992] [DEBUG] cheese - login => username:admin,password:123456
[2021-06-11T10:28:55.992] [DEBUG] cheese - admin
[2021-06-11T10:28:55.994] [DEBUG] cheese - null
[2021-06-11T10:28:55.994] [DEBUG] cheese - null
[2021-06-11T10:29:06.498] [DEBUG] cheese - login => username:adm,password:123456
[2021-06-11T10:29:06.498] [DEBUG] cheese - adm
[2021-06-11T10:29:06.499] [DEBUG] cheese - null
[2021-06-11T10:29:06.499] [DEBUG] cheese - null
[2021-06-11T10:29:16.857] [DEBUG] cheese - login => username:admin,password:123456
[2021-06-11T10:29:16.857] [DEBUG] cheese - admin
[2021-06-11T10:29:16.859] [DEBUG] cheese - null
[2021-06-11T10:29:16.859] [DEBUG] cheese - null
[2021-06-11T10:29:52.655] [DEBUG] cheese - login => username:admin,password:123456
[2021-06-11T10:29:52.655] [DEBUG] cheese - admin
[2021-06-11T10:29:52.657] [DEBUG] cheese - null
[2021-06-11T10:29:52.657] [DEBUG] cheese - null
[2021-06-11T10:39:47.967] [DEBUG] cheese - login => username:admin,password:123456
[2021-06-11T10:39:47.967] [DEBUG] cheese - admin
[2021-06-11T10:39:47.969] [DEBUG] cheese - null
[2021-06-11T10:39:47.969] [DEBUG] cheese - null
[2021-06-11T10:39:52.895] [DEBUG] cheese - login => username:admi,password:123456
[2021-06-11T10:39:52.895] [DEBUG] cheese - admi
[2021-06-11T10:39:52.897] [DEBUG] cheese - null
[2021-06-11T10:39:52.897] [DEBUG] cheese - null
[2021-06-11T10:40:18.342] [DEBUG] cheese - login => username:admin,password:123456
[2021-06-11T10:40:18.342] [DEBUG] cheese - admin
[2021-06-11T10:40:18.344] [DEBUG] cheese - null
[2021-06-11T10:40:18.344] [DEBUG] cheese - null
[2021-06-11T10:44:00.983] [DEBUG] cheese - login => username:admin,password:123456
[2021-06-11T10:44:00.983] [DEBUG] cheese - admin
[2021-06-11T10:44:00.985] [DEBUG] cheese - null
[2021-06-11T10:44:00.985] [DEBUG] cheese - null
[2021-06-11T10:45:05.681] [DEBUG] cheese - login => username:admin,password:123456
[2021-06-11T10:45:05.681] [DEBUG] cheese - admin
[2021-06-11T10:45:05.683] [DEBUG] cheese - null
[2021-06-11T10:45:05.683] [DEBUG] cheese - null
[2021-06-11T10:45:08.158] [DEBUG] cheese - login => username:admin,password:123456
[2021-06-11T10:45:08.159] [DEBUG] cheese - admin
[2021-06-11T10:45:08.160] [DEBUG] cheese - null
[2021-06-11T10:45:08.160] [DEBUG] cheese - null
[2021-06-11T10:45:10.144] [DEBUG] cheese - login => username:admin,password:123456
[2021-06-11T10:45:10.144] [DEBUG] cheese - admin
[2021-06-11T10:45:10.146] [DEBUG] cheese - null
[2021-06-11T10:45:10.146] [DEBUG] cheese - null
[2021-06-11T10:45:13.050] [DEBUG] cheese - login => username:admin,password:123456
[2021-06-11T10:45:13.050] [DEBUG] cheese - admin
[2021-06-11T10:45:13.052] [DEBUG] cheese - null
[2021-06-11T10:45:13.052] [DEBUG] cheese - null
[2021-06-11T10:45:15.192] [DEBUG] cheese - login => username:admin,password:123456
[2021-06-11T10:45:15.192] [DEBUG] cheese - admin
[2021-06-11T10:45:15.194] [DEBUG] cheese - null
[2021-06-11T10:45:15.194] [DEBUG] cheese - null
[2021-06-11T18:04:50.834] [DEBUG] cheese - login => username:admin,password:123456
[2021-06-11T18:04:50.834] [DEBUG] cheese - admin
[2021-06-11T18:04:50.836] [DEBUG] cheese - null
[2021-06-11T18:04:50.836] [DEBUG] cheese - null
[2021-06-11T18:37:28.683] [DEBUG] cheese - login => username:admin,password:123456
[2021-06-11T18:37:28.683] [DEBUG] cheese - admin
[2021-06-11T18:37:28.685] [DEBUG] cheese - null
[2021-06-11T18:37:28.685] [DEBUG] cheese - null
[2021-06-11T18:41:51.411] [DEBUG] cheese - login => username:admin,password:123456
[2021-06-11T18:41:51.411] [DEBUG] cheese - admin
[2021-06-11T18:41:51.413] [DEBUG] cheese - null
[2021-06-11T18:41:51.413] [DEBUG] cheese - null
[2021-06-11T18:42:01.127] [DEBUG] cheese - login => username:admin,password:123456
[2021-06-11T18:42:01.127] [DEBUG] cheese - admin
[2021-06-11T18:42:01.129] [DEBUG] cheese - null
[2021-06-11T18:42:01.129] [DEBUG] cheese - null
[2021-06-11T18:42:28.880] [DEBUG] cheese - login => username:admin,password:123456
[2021-06-11T18:42:28.880] [DEBUG] cheese - admin
[2021-06-11T18:42:28.882] [DEBUG] cheese - null
[2021-06-11T18:42:28.882] [DEBUG] cheese - null
[2021-06-11T18:50:04.706] [DEBUG] cheese - login => username:admin,password:123456
[2021-06-11T18:50:04.706] [DEBUG] cheese - admin
[2021-06-11T18:50:04.709] [DEBUG] cheese - null
[2021-06-11T18:50:04.709] [DEBUG] cheese - null
[2021-06-11T18:51:44.472] [DEBUG] cheese - login => username:admin,password:123456
[2021-06-11T18:51:44.472] [DEBUG] cheese - admin
[2021-06-11T18:51:44.475] [DEBUG] cheese - null
[2021-06-11T18:51:44.475] [DEBUG] cheese - null
[2021-06-11T18:52:05.258] [DEBUG] cheese - login => username:admin,password:123456
[2021-06-11T18:52:05.258] [DEBUG] cheese - admin
[2021-06-11T18:52:05.260] [DEBUG] cheese - null
[2021-06-11T18:52:05.260] [DEBUG] cheese - null
[2021-06-11T18:53:09.039] [DEBUG] cheese - login => username:admin,password:123456
[2021-06-11T18:53:09.039] [DEBUG] cheese - admin
[2021-06-11T18:53:09.041] [DEBUG] cheese - null
[2021-06-11T18:53:09.041] [DEBUG] cheese - null
[2021-06-12T10:49:49.291] [DEBUG] cheese - login => username:admin,password:123456
[2021-06-12T10:49:49.292] [DEBUG] cheese - admin
[2021-06-12T10:49:49.705] [DEBUG] cheese - null
[2021-06-12T10:49:49.705] [DEBUG] cheese - null
[2021-06-12T10:57:30.853] [DEBUG] cheese - login => username:admin,password:123456
[2021-06-12T10:57:30.853] [DEBUG] cheese - admin
[2021-06-12T10:57:30.855] [DEBUG] cheese - null
[2021-06-12T10:57:30.855] [DEBUG] cheese - null
[2021-06-12T10:57:40.386] [DEBUG] cheese - login => username:admin,password:123456
[2021-06-12T10:57:40.386] [DEBUG] cheese - admin
[2021-06-12T10:57:40.388] [DEBUG] cheese - null
[2021-06-12T10:57:40.388] [DEBUG] cheese - null
[2021-06-12T11:03:16.887] [DEBUG] cheese - login => username:admin,password:123456
[2021-06-12T11:03:16.887] [DEBUG] cheese - admin
[2021-06-12T11:03:16.889] [DEBUG] cheese - null
[2021-06-12T11:03:16.889] [DEBUG] cheese - null
[2021-06-12T11:12:23.868] [DEBUG] cheese - login => username:admin,password:123456
[2021-06-12T11:12:23.868] [DEBUG] cheese - admin
[2021-06-12T11:12:23.871] [DEBUG] cheese - null
[2021-06-12T11:12:23.871] [DEBUG] cheese - null
[2021-06-12T11:12:37.467] [DEBUG] cheese - login => username:admin,password:123456
[2021-06-12T11:12:37.467] [DEBUG] cheese - admin
[2021-06-12T11:12:37.468] [DEBUG] cheese - null
[2021-06-12T11:12:37.468] [DEBUG] cheese - null
[2021-06-12T12:44:31.469] [DEBUG] cheese - login => username:admin,password:123456
[2021-06-12T12:44:31.470] [DEBUG] cheese - admin
[2021-06-12T12:44:31.472] [DEBUG] cheese - null
[2021-06-12T12:44:31.472] [DEBUG] cheese - null
[2021-06-12T12:44:43.764] [DEBUG] cheese - login => username:admin,password:123456
[2021-06-12T12:44:43.764] [DEBUG] cheese - admin
[2021-06-12T12:44:43.766] [DEBUG] cheese - null
[2021-06-12T12:44:43.766] [DEBUG] cheese - null
[2021-06-13T05:29:48.030] [DEBUG] cheese - login => username:admin,password:123456
[2021-06-13T05:29:48.031] [DEBUG] cheese - admin
[2021-06-13T05:29:48.180] [DEBUG] cheese - null
[2021-06-13T05:29:48.181] [DEBUG] cheese - null
[2021-06-13T13:27:16.971] [DEBUG] cheese - login => username:admin,password:123456
[2021-06-13T13:27:16.972] [DEBUG] cheese - admin
[2021-06-13T13:27:16.980] [DEBUG] cheese - null
[2021-06-13T13:27:16.980] [DEBUG] cheese - null
[2021-06-13T18:09:18.682] [DEBUG] cheese - login => username:admin,password:123456
[2021-06-13T18:09:18.682] [DEBUG] cheese - admin
[2021-06-13T18:09:18.684] [DEBUG] cheese - null
[2021-06-13T18:09:18.685] [DEBUG] cheese - null
[2021-06-13T19:09:37.794] [DEBUG] cheese - null
[2021-06-13T19:10:47.664] [DEBUG] cheese - null
[2021-06-13T19:10:52.935] [DEBUG] cheese - null
[2021-06-13T19:15:07.583] [DEBUG] cheese - null
[2021-06-13T19:20:56.819] [DEBUG] cheese - null
[2021-06-13T19:20:59.904] [DEBUG] cheese - null
[2021-06-13T19:21:01.174] [DEBUG] cheese - null
[2021-06-13T19:21:02.313] [DEBUG] cheese - null
[2021-06-13T19:21:07.696] [DEBUG] cheese - null
[2021-06-13T19:21:26.873] [DEBUG] cheese - null
[2021-06-13T19:21:48.201] [DEBUG] cheese - null
[2021-06-13T19:21:52.390] [DEBUG] cheese - null
[2021-06-13T21:11:24.996] [DEBUG] cheese - login => username:admin,password:123456
[2021-06-13T21:11:24.997] [DEBUG] cheese - admin
[2021-06-13T21:11:24.998] [DEBUG] cheese - null
[2021-06-13T21:11:24.999] [DEBUG] cheese - null
[2021-06-13T22:11:23.644] [DEBUG] cheese - login => username:admin,password:123456
[2021-06-13T22:11:23.644] [DEBUG] cheese - admin
[2021-06-13T22:11:23.646] [DEBUG] cheese - null
[2021-06-13T22:11:23.646] [DEBUG] cheese - null
[2021-06-14T06:04:08.500] [DEBUG] cheese - login => username:admin,password:123456
[2021-06-14T06:04:08.502] [DEBUG] cheese - admin
[2021-06-14T06:04:08.658] [DEBUG] cheese - null
[2021-06-14T06:04:08.658] [DEBUG] cheese - null
[2021-06-14T06:15:05.649] [DEBUG] cheese - null
[2021-06-14T06:15:08.526] [DEBUG] cheese - null
[2021-06-14T19:22:10.709] [DEBUG] cheese - login => username:admin,password:123456
[2021-06-14T19:22:10.711] [DEBUG] cheese - admin
[2021-06-14T19:22:10.715] [DEBUG] cheese - null
[2021-06-14T19:22:10.715] [DEBUG] cheese - null
[2021-06-15T06:14:04.288] [DEBUG] cheese - login => username:admin,password:123456
[2021-06-15T06:14:04.289] [DEBUG] cheese - admin
[2021-06-15T06:14:04.467] [DEBUG] cheese - null
[2021-06-15T06:14:04.468] [DEBUG] cheese - null
[2021-06-15T09:56:14.970] [DEBUG] cheese - login => username:admin,password:123456
[2021-06-15T09:56:14.971] [DEBUG] cheese - admin
[2021-06-15T09:56:14.975] [DEBUG] cheese - null
[2021-06-15T09:56:14.975] [DEBUG] cheese - null
